<?xml version="1.0" encoding="UTF-8"?>
<!-- Generated by org.testng.reporters.JUnitXMLReporter -->
<testsuite ignored="0" hostname="saad" failures="0" tests="3" name="SpecificTests" time="144.607" errors="0" timestamp="2025-01-06T07:11:38 PKT">
  <testcase classname="tests.l1f21bsse0491" name="cafeTest" time="11.266"/>
  <testcase classname="tests.l1f21bsse0395" name="FrozenTest" time="70.182"/>
  <testcase classname="tests.l1f21bsse0452" name="freshTest" time="49.162"/>
</testsuite> <!-- SpecificTests -->
