<?xml version="1.0" encoding="UTF-8"?>
<testng-results ignored="0" total="1" passed="1" failed="0" skipped="0">
  <reporter-output>
  </reporter-output>
  <suite started-at="2024-12-31T21:07:10 PKT" name="MyTestSuite" finished-at="2024-12-31T21:07:30 PKT" duration-ms="19147">
    <groups>
    </groups>
    <test started-at="2024-12-31T21:07:10 PKT" name="SpecificTests" finished-at="2024-12-31T21:07:30 PKT" duration-ms="19147">
      <class name="tests.l1f21bsse0491">
        <test-method is-config="true" signature="setUp()[pri:0, instance:tests.l1f21bsse0491@6069db50]" started-at="2024-12-31T21:07:11 PKT" name="setUp" finished-at="2024-12-31T21:07:16 PKT" duration-ms="5234" status="PASS">
          <reporter-output>
          </reporter-output>
        </test-method> <!-- setUp -->
        <test-method signature="cafeTest()[pri:0, instance:tests.l1f21bsse0491@6069db50]" started-at="2024-12-31T21:07:16 PKT" name="cafeTest" finished-at="2024-12-31T21:07:29 PKT" duration-ms="13450" status="PASS">
          <reporter-output>
          </reporter-output>
        </test-method> <!-- cafeTest -->
        <test-method is-config="true" signature="tearDown()[pri:0, instance:tests.l1f21bsse0491@6069db50]" started-at="2024-12-31T21:07:29 PKT" name="tearDown" finished-at="2024-12-31T21:07:30 PKT" duration-ms="389" status="PASS">
          <reporter-output>
          </reporter-output>
        </test-method> <!-- tearDown -->
      </class> <!-- tests.l1f21bsse0491 -->
    </test> <!-- SpecificTests -->
  </suite> <!-- MyTestSuite -->
</testng-results>
